<?xml version="1.0" encoding="UTF-8"?>
<coverage generated="1617061598556" clover="3.2.0">
  <project timestamp="1617061598556" name="All files">
    <metrics statements="45" coveredstatements="40" conditionals="43" coveredconditionals="13" methods="6" coveredmethods="4" elements="94" coveredelements="57" complexity="0" loc="45" ncloc="45" packages="3" files="7" classes="7"/>
    <package name="api">
      <metrics statements="8" coveredstatements="5" conditionals="0" coveredconditionals="0" methods="2" coveredmethods="0"/>
      <file name="http.js" path="/home/felipe/Área de Trabalho/Curso-Svelte/my-svelte-project/src/api/http.js">
        <metrics statements="2" coveredstatements="2" conditionals="0" coveredconditionals="0" methods="0" coveredmethods="0"/>
        <line num="3" count="4" type="stmt"/>
        <line num="5" count="4" type="stmt"/>
      </file>
      <file name="movie-api.js" path="/home/felipe/Área de Trabalho/Curso-Svelte/my-svelte-project/src/api/movie-api.js">
        <metrics statements="6" coveredstatements="3" conditionals="0" coveredconditionals="0" methods="2" coveredmethods="0"/>
        <line num="6" count="4" type="stmt"/>
        <line num="8" count="4" type="stmt"/>
        <line num="11" count="0" type="stmt"/>
        <line num="13" count="0" type="stmt"/>
        <line num="20" count="4" type="stmt"/>
        <line num="21" count="0" type="stmt"/>
      </file>
    </package>
    <package name="features.Movies">
      <metrics statements="31" coveredstatements="29" conditionals="43" coveredconditionals="13" methods="1" coveredmethods="1"/>
      <file name="MovieCard.svelte" path="/home/felipe/Área de Trabalho/Curso-Svelte/my-svelte-project/src/features/Movies/MovieCard.svelte">
        <metrics statements="10" coveredstatements="10" conditionals="28" coveredconditionals="1" methods="0" coveredmethods="0"/>
        <line num="2" count="3" type="stmt"/>
        <line num="3" count="17" type="stmt"/>
        <line num="12" count="17" type="cond" truecount="1" falsecount="3"/>
        <line num="13" count="17" type="cond" truecount="0" falsecount="2"/>
        <line num="14" count="17" type="cond" truecount="0" falsecount="2"/>
        <line num="21" count="17" type="cond" truecount="0" falsecount="4"/>
        <line num="26" count="17" type="cond" truecount="0" falsecount="4"/>
        <line num="27" count="17" type="cond" truecount="0" falsecount="4"/>
        <line num="30" count="17" type="cond" truecount="0" falsecount="4"/>
        <line num="34" count="17" type="cond" truecount="0" falsecount="4"/>
      </file>
      <file name="MovieList.svelte" path="/home/felipe/Área de Trabalho/Curso-Svelte/my-svelte-project/src/features/Movies/MovieList.svelte">
        <metrics statements="13" coveredstatements="11" conditionals="13" coveredconditionals="10" methods="1" coveredmethods="1"/>
        <line num="2" count="2" type="stmt"/>
        <line num="3" count="2" type="stmt"/>
        <line num="4" count="2" type="stmt"/>
        <line num="6" count="7" type="stmt"/>
        <line num="8" count="7" type="stmt"/>
        <line num="9" count="5" type="cond" truecount="2" falsecount="0"/>
        <line num="14" count="7" type="cond" truecount="5" falsecount="0"/>
        <line num="19" count="7" type="cond" truecount="2" falsecount="0"/>
        <line num="23" count="0" type="cond" truecount="0" falsecount="2"/>
        <line num="24" count="0" type="stmt"/>
        <line num="26" count="10" type="stmt"/>
        <line num="29" count="5" type="cond" truecount="1" falsecount="1"/>
        <line num="30" count="30" type="stmt"/>
      </file>
      <file name="MovieSearch.svelte" path="/home/felipe/Área de Trabalho/Curso-Svelte/my-svelte-project/src/features/Movies/MovieSearch.svelte">
        <metrics statements="6" coveredstatements="6" conditionals="2" coveredconditionals="2" methods="0" coveredmethods="0"/>
        <line num="2" count="2" type="stmt"/>
        <line num="3" count="2" type="stmt"/>
        <line num="5" count="5" type="stmt"/>
        <line num="8" count="1" type="stmt"/>
        <line num="12" count="2" type="stmt"/>
        <line num="39" count="11" type="stmt"/>
      </file>
      <file name="Movies.svelte" path="/home/felipe/Área de Trabalho/Curso-Svelte/my-svelte-project/src/features/Movies/Movies.svelte">
        <metrics statements="2" coveredstatements="2" conditionals="0" coveredconditionals="0" methods="0" coveredmethods="0"/>
        <line num="2" count="1" type="stmt"/>
        <line num="3" count="1" type="stmt"/>
      </file>
    </package>
    <package name="store">
      <metrics statements="6" coveredstatements="6" conditionals="0" coveredconditionals="0" methods="3" coveredmethods="3"/>
      <file name="index.js" path="/home/felipe/Área de Trabalho/Curso-Svelte/my-svelte-project/src/store/index.js">
        <metrics statements="6" coveredstatements="6" conditionals="0" coveredconditionals="0" methods="3" coveredmethods="3"/>
        <line num="3" count="5" type="stmt"/>
        <line num="8" count="5" type="stmt"/>
        <line num="10" count="5" type="stmt"/>
        <line num="11" count="15" type="stmt"/>
        <line num="13" count="15" type="stmt"/>
        <line num="14" count="15" type="stmt"/>
      </file>
    </package>
  </project>
</coverage>
