{"/home/felipe/Área de Trabalho/Curso-Svelte/my-svelte-project/src/api/http.js": {"path":"/home/felipe/Área de Trabalho/Curso-Svelte/my-svelte-project/src/api/http.js","statementMap":{"0":{"start":{"line":3,"column":23},"end":{"line":3,"column":57}},"1":{"start":{"line":5,"column":20},"end":{"line":7,"column":2}}},"fnMap":{},"branchMap":{},"s":{"0":4,"1":4},"f":{},"b":{},"_coverageSchema":"1a1c01bbd47fc00a2c39e90264f33305004495a9","hash":"db72bda62473dd1334c7a17720d8d7bfe6190552"}
,"/home/felipe/Área de Trabalho/Curso-Svelte/my-svelte-project/src/api/movie-api.js": {"path":"/home/felipe/Área de Trabalho/Curso-Svelte/my-svelte-project/src/api/movie-api.js","statementMap":{"0":{"start":{"line":6,"column":33},"end":{"line":6,"column":70}},"1":{"start":{"line":8,"column":27},"end":{"line":18,"column":1}},"2":{"start":{"line":11,"column":6},"end":{"line":11,"column":62}},"3":{"start":{"line":13,"column":2},"end":{"line":17,"column":5}},"4":{"start":{"line":20,"column":27},"end":{"line":24,"column":1}},"5":{"start":{"line":21,"column":2},"end":{"line":23,"column":5}}},"fnMap":{"0":{"name":"(anonymous_0)","decl":{"start":{"line":8,"column":27},"end":{"line":8,"column":28}},"loc":{"start":{"line":8,"column":43},"end":{"line":18,"column":1}},"line":8},"1":{"name":"(anonymous_1)","decl":{"start":{"line":20,"column":27},"end":{"line":20,"column":28}},"loc":{"start":{"line":20,"column":33},"end":{"line":24,"column":1}},"line":20}},"branchMap":{},"s":{"0":4,"1":4,"2":0,"3":0,"4":4,"5":0},"f":{"0":0,"1":0},"b":{},"_coverageSchema":"1a1c01bbd47fc00a2c39e90264f33305004495a9","hash":"b5fa481f1699f3ef7dcfeb7d51ee08022fa3162e"}
,"/home/felipe/Área de Trabalho/Curso-Svelte/my-svelte-project/src/features/Movies/MovieCard.svelte": {"path":"/home/felipe/Área de Trabalho/Curso-Svelte/my-svelte-project/src/features/Movies/MovieCard.svelte","statementMap":{"0":{"start":{"line":2,"column":28},"end":{"line":2,"column":null}},"1":{"start":{"line":21,"column":9},"end":{"line":21,"column":null}},"2":{"start":{"line":26,"column":19},"end":{"line":26,"column":null}},"3":{"start":{"line":27,"column":15},"end":{"line":27,"column":null}},"4":{"start":{"line":30,"column":23},"end":{"line":30,"column":null}},"5":{"start":{"line":34,"column":9},"end":{"line":34,"column":null}},"6":{"start":{"line":12,"column":16},"end":{"line":12,"column":null}},"7":{"start":{"line":12,"column":55},"end":{"line":12,"column":null}},"8":{"start":{"line":13,"column":24},"end":{"line":13,"column":null}},"9":{"start":{"line":14,"column":26},"end":{"line":14,"column":null}},"10":{"start":{"line":21,"column":20},"end":{"line":21,"column":null}},"11":{"start":{"line":26,"column":37},"end":{"line":26,"column":null}},"12":{"start":{"line":27,"column":31},"end":{"line":27,"column":null}},"13":{"start":{"line":30,"column":42},"end":{"line":30,"column":null}},"14":{"start":{"line":34,"column":23},"end":{"line":34,"column":null}},"15":{"start":{"line":3,"column":18},"end":{"line":3,"column":null}}},"fnMap":{},"branchMap":{"0":{"loc":{"start":{"line":12,"column":16},"end":{"line":12,"column":null}},"type":"if","locations":[{"start":{"line":12,"column":16},"end":{"line":12,"column":null}},{"start":{"line":12,"column":16},"end":{"line":12,"column":null}}]},"1":{"loc":{"start":{"line":12,"column":16},"end":{"line":12,"column":33}},"type":"binary-expr","locations":[{"start":{"line":12,"column":16},"end":{"line":12,"column":33}},{"start":{"line":12,"column":16},"end":{"line":12,"column":null}}]},"2":{"loc":{"start":{"line":13,"column":24},"end":{"line":13,"column":29}},"type":"binary-expr","locations":[{"start":{"line":13,"column":24},"end":{"line":13,"column":29}},{"start":{"line":13,"column":24},"end":{"line":13,"column":null}}]},"3":{"loc":{"start":{"line":14,"column":26},"end":{"line":14,"column":31}},"type":"binary-expr","locations":[{"start":{"line":14,"column":26},"end":{"line":14,"column":31}},{"start":{"line":14,"column":26},"end":{"line":14,"column":null}}]},"4":{"loc":{"start":{"line":21,"column":9},"end":{"line":21,"column":null}},"type":"if","locations":[{"start":{"line":21,"column":9},"end":{"line":21,"column":null}},{"start":{"line":21,"column":9},"end":{"line":21,"column":null}}]},"5":{"loc":{"start":{"line":21,"column":9},"end":{"line":21,"column":14}},"type":"binary-expr","locations":[{"start":{"line":21,"column":9},"end":{"line":21,"column":14}},{"start":{"line":21,"column":9},"end":{"line":21,"column":null}}]},"6":{"loc":{"start":{"line":26,"column":19},"end":{"line":26,"column":null}},"type":"if","locations":[{"start":{"line":26,"column":19},"end":{"line":26,"column":null}},{"start":{"line":26,"column":19},"end":{"line":26,"column":null}}]},"7":{"loc":{"start":{"line":26,"column":19},"end":{"line":26,"column":24}},"type":"binary-expr","locations":[{"start":{"line":26,"column":19},"end":{"line":26,"column":24}},{"start":{"line":26,"column":19},"end":{"line":26,"column":null}}]},"8":{"loc":{"start":{"line":27,"column":15},"end":{"line":27,"column":null}},"type":"if","locations":[{"start":{"line":27,"column":15},"end":{"line":27,"column":null}},{"start":{"line":27,"column":15},"end":{"line":27,"column":null}}]},"9":{"loc":{"start":{"line":27,"column":15},"end":{"line":27,"column":20}},"type":"binary-expr","locations":[{"start":{"line":27,"column":15},"end":{"line":27,"column":20}},{"start":{"line":27,"column":15},"end":{"line":27,"column":null}}]},"10":{"loc":{"start":{"line":30,"column":23},"end":{"line":30,"column":null}},"type":"if","locations":[{"start":{"line":30,"column":23},"end":{"line":30,"column":null}},{"start":{"line":30,"column":23},"end":{"line":30,"column":null}}]},"11":{"loc":{"start":{"line":30,"column":23},"end":{"line":30,"column":28}},"type":"binary-expr","locations":[{"start":{"line":30,"column":23},"end":{"line":30,"column":28}},{"start":{"line":30,"column":23},"end":{"line":30,"column":null}}]},"12":{"loc":{"start":{"line":34,"column":9},"end":{"line":34,"column":null}},"type":"if","locations":[{"start":{"line":34,"column":9},"end":{"line":34,"column":null}},{"start":{"line":34,"column":9},"end":{"line":34,"column":null}}]},"13":{"loc":{"start":{"line":34,"column":9},"end":{"line":34,"column":14}},"type":"binary-expr","locations":[{"start":{"line":34,"column":9},"end":{"line":34,"column":14}},{"start":{"line":34,"column":9},"end":{"line":34,"column":null}}]}},"s":{"0":3,"1":17,"2":17,"3":17,"4":17,"5":17,"6":17,"7":17,"8":17,"9":17,"10":0,"11":0,"12":0,"13":0,"14":0,"15":17},"f":{},"b":{"0":[17,0],"1":[0,0],"2":[0,0],"3":[0,0],"4":[0,0],"5":[0,0],"6":[0,0],"7":[0,0],"8":[0,0],"9":[0,0],"10":[0,0],"11":[0,0],"12":[0,0],"13":[0,0]}}
,"/home/felipe/Área de Trabalho/Curso-Svelte/my-svelte-project/src/features/Movies/MovieList.svelte": {"path":"/home/felipe/Área de Trabalho/Curso-Svelte/my-svelte-project/src/features/Movies/MovieList.svelte","statementMap":{"0":{"start":{"line":2,"column":14},"end":{"line":2,"column":null}},"1":{"start":{"line":3,"column":24},"end":{"line":3,"column":null}},"2":{"start":{"line":4,"column":18},"end":{"line":4,"column":null}},"3":{"start":{"line":26,"column":15},"end":{"line":26,"column":null}},"4":{"start":{"line":26,"column":10},"end":{"line":26,"column":14}},"5":{"start":{"line":23,"column":18},"end":{"line":23,"column":null}},"6":{"start":{"line":24,"column":19},"end":{"line":24,"column":null}},"7":{"start":{"line":30,"column":30},"end":{"line":30,"column":null}},"8":{"start":{"line":29,"column":22},"end":{"line":29,"column":null}},"9":{"start":{"line":14,"column":9},"end":{"line":14,"column":null}},"10":{"start":{"line":19,"column":9},"end":{"line":19,"column":null}},"11":{"start":{"line":6,"column":16},"end":{"line":6,"column":20}},"12":{"start":{"line":8,"column":22},"end":{"line":9,"column":null}},"13":{"start":{"line":9,"column":4},"end":{"line":9,"column":null}}},"fnMap":{"0":{"name":"(anonymous_35)","decl":{"start":{"line":8,"column":22},"end":{"line":8,"column":24}},"loc":{"start":{"line":9,"column":4},"end":{"line":9,"column":null}}}},"branchMap":{"0":{"loc":{"start":{"line":23,"column":18},"end":{"line":23,"column":null}},"type":"if","locations":[{"start":{"line":23,"column":18},"end":{"line":23,"column":null}},{"start":{"line":23,"column":18},"end":{"line":23,"column":null}}]},"1":{"loc":{"start":{"line":29,"column":22},"end":{"line":29,"column":null}},"type":"if","locations":[{"start":{"line":29,"column":22},"end":{"line":29,"column":null}},{"start":{"line":29,"column":22},"end":{"line":29,"column":null}}]},"2":{"loc":{"start":{"line":14,"column":9},"end":{"line":14,"column":27}},"type":"binary-expr","locations":[{"start":{"line":14,"column":9},"end":{"line":14,"column":27}},{"start":{"line":14,"column":27},"end":{"line":14,"column":46}},{"start":{"line":14,"column":46},"end":{"line":14,"column":null}}]},"3":{"loc":{"start":{"line":19,"column":9},"end":{"line":19,"column":23}},"type":"binary-expr","locations":[{"start":{"line":19,"column":9},"end":{"line":19,"column":23}},{"start":{"line":19,"column":23},"end":{"line":19,"column":null}}]},"4":{"loc":{"start":{"line":14,"column":9},"end":{"line":14,"column":27}},"type":"binary-expr","locations":[{"start":{"line":14,"column":9},"end":{"line":14,"column":27}},{"start":{"line":14,"column":27},"end":{"line":14,"column":46}}]},"5":{"loc":{"start":{"line":9,"column":22},"end":{"line":9,"column":41}},"type":"cond-expr","locations":[{"start":{"line":9,"column":22},"end":{"line":9,"column":41}},{"start":{"line":9,"column":41},"end":{"line":9,"column":null}}]}},"s":{"0":2,"1":2,"2":2,"3":10,"4":5,"5":0,"6":0,"7":30,"8":5,"9":7,"10":7,"11":7,"12":7,"13":5},"f":{"0":5},"b":{"0":[0,0],"1":[0,5],"2":[7,6,1],"3":[7,5],"4":[5,5],"5":[1,4]}}
,"/home/felipe/Área de Trabalho/Curso-Svelte/my-svelte-project/src/features/Movies/MovieSearch.svelte": {"path":"/home/felipe/Área de Trabalho/Curso-Svelte/my-svelte-project/src/features/Movies/MovieSearch.svelte","statementMap":{"0":{"start":{"line":2,"column":35},"end":{"line":2,"column":null}},"1":{"start":{"line":3,"column":16},"end":{"line":3,"column":null}},"2":{"start":{"line":39,"column":20},"end":{"line":39,"column":null}},"3":{"start":{"line":5,"column":13},"end":{"line":5,"column":15}},"4":{"start":{"line":8,"column":4},"end":{"line":8,"column":null}},"5":{"start":{"line":12,"column":2},"end":{"line":12,"column":null}}},"fnMap":{},"branchMap":{"0":{"loc":{"start":{"line":11,"column":7},"end":{"line":11,"column":25}},"type":"binary-expr","locations":[{"start":{"line":11,"column":7},"end":{"line":11,"column":25}},{"start":{"line":11,"column":29},"end":{"line":11,"column":40}}]}},"s":{"0":2,"1":2,"2":11,"3":5,"4":1,"5":2},"f":{},"b":{"0":[8,3]}}
,"/home/felipe/Área de Trabalho/Curso-Svelte/my-svelte-project/src/features/Movies/Movies.svelte": {"path":"/home/felipe/Área de Trabalho/Curso-Svelte/my-svelte-project/src/features/Movies/Movies.svelte","statementMap":{"0":{"start":{"line":2,"column":20},"end":{"line":2,"column":null}},"1":{"start":{"line":3,"column":18},"end":{"line":3,"column":null}}},"fnMap":{},"branchMap":{},"s":{"0":1,"1":1},"f":{},"b":{}}
,"/home/felipe/Área de Trabalho/Curso-Svelte/my-svelte-project/src/store/index.js": {"path":"/home/felipe/Área de Trabalho/Curso-Svelte/my-svelte-project/src/store/index.js","statementMap":{"0":{"start":{"line":3,"column":29},"end":{"line":6,"column":1}},"1":{"start":{"line":8,"column":21},"end":{"line":8,"column":51}},"2":{"start":{"line":10,"column":22},"end":{"line":16,"column":2}},"3":{"start":{"line":11,"column":4},"end":{"line":15,"column":7}},"4":{"start":{"line":11,"column":41},"end":{"line":11,"column":69}},"5":{"start":{"line":13,"column":8},"end":{"line":13,"column":80}},"6":{"start":{"line":14,"column":8},"end":{"line":14,"column":21}}},"fnMap":{"0":{"name":"(anonymous_0)","decl":{"start":{"line":10,"column":37},"end":{"line":10,"column":38}},"loc":{"start":{"line":10,"column":46},"end":{"line":16,"column":1}},"line":10},"1":{"name":"(anonymous_1)","decl":{"start":{"line":11,"column":31},"end":{"line":11,"column":32}},"loc":{"start":{"line":11,"column":41},"end":{"line":11,"column":69}},"line":11},"2":{"name":"(anonymous_2)","decl":{"start":{"line":12,"column":9},"end":{"line":12,"column":10}},"loc":{"start":{"line":12,"column":20},"end":{"line":15,"column":5}},"line":12}},"branchMap":{},"s":{"0":5,"1":5,"2":5,"3":7,"4":15,"5":15,"6":15},"f":{"0":7,"1":15,"2":15},"b":{},"_coverageSchema":"1a1c01bbd47fc00a2c39e90264f33305004495a9","hash":"c1cbdea1de8b70ecd24886c00faff1fd62309bf1"}
}
